app/build/outputs/logs/manifest-merger-debug-report.txt
-- Merging decision tree log ---
manifest
ADDED from src\main\AndroidManifest.xml:1:1-162:12
INJECTED from src\main\AndroidManifest.xml:1:1-162:12
INJECTED from src\main\AndroidManifest.xml:1:1-162:12
INJECTED from src\main\AndroidManifest.xml:1:1-162:12
INJECTED from src\main\AndroidManifest.xml:1:1-162:12
INJECTED from src\main\AndroidManifest.xml:1:1-162:12
INJECTED from src\main\AndroidManifest.xml:1:1-162:12
	package
		ADDED from src\main\AndroidManifest.xml:2:5-30
		INJECTED from src\main\AndroidManifest.xml
		INJECTED from src\main\AndroidManifest.xml
	android:versionName
		ADDED from src\main\AndroidManifest.xml:4:5-32
		INJECTED from src\main\AndroidManifest.xml
		INJECTED from src\main\AndroidManifest.xml
	xmlns:android
		ADDED from src\main\AndroidManifest.xml:1:11-69
	android:versionCode
		ADDED from src\main\AndroidManifest.xml:3:5-28
		INJECTED from src\main\AndroidManifest.xml
		INJECTED from src\main\AndroidManifest.xml
uses-permission#android.permission.VIBRATE
ADDED from src\main\AndroidManifest.xml:7:5-66
	android:name
		ADDED from src\main\AndroidManifest.xml:7:22-63
uses-permission#android.permission.ACCESS_COARSE_LOCATION
ADDED from src\main\AndroidManifest.xml:8:5-81
	android:name
		ADDED from src\main\AndroidManifest.xml:8:22-78
uses-permission#android.permission.CALL_PHONE
ADDED from src\main\AndroidManifest.xml:9:5-68
	android:name
		ADDED from src\main\AndroidManifest.xml:9:22-66
uses-permission#android.permission.ACCESS_FINE_LOCATION
ADDED from src\main\AndroidManifest.xml:10:5-79
	android:name
		ADDED from src\main\AndroidManifest.xml:10:22-76
uses-permission#android.permission.ACCESS_LOCATION_EXTRA_COMMANDS
ADDED from src\main\AndroidManifest.xml:11:5-89
	android:name
		ADDED from src\main\AndroidManifest.xml:11:22-86
uses-permission#android.permission.READ_PHONE_STATE
ADDED from src\main\AndroidManifest.xml:12:5-75
	android:name
		ADDED from src\main\AndroidManifest.xml:12:22-72
uses-permission#android.permission.INTERNET
ADDED from src\main\AndroidManifest.xml:13:5-67
	android:name
		ADDED from src\main\AndroidManifest.xml:13:22-64
uses-permission#android.permission.RECEIVE_SMS
ADDED from src\main\AndroidManifest.xml:14:5-70
	android:name
		ADDED from src\main\AndroidManifest.xml:14:22-67
uses-permission#android.permission.RECORD_AUDIO
ADDED from src\main\AndroidManifest.xml:15:5-71
	android:name
		ADDED from src\main\AndroidManifest.xml:15:22-68
uses-permission#android.permission.MODIFY_AUDIO_SETTINGS
ADDED from src\main\AndroidManifest.xml:16:5-80
	android:name
		ADDED from src\main\AndroidManifest.xml:16:22-77
uses-permission#android.permission.READ_CONTACTS
ADDED from src\main\AndroidManifest.xml:17:5-72
	android:name
		ADDED from src\main\AndroidManifest.xml:17:22-69
uses-permission#android.permission.WRITE_CONTACTS
ADDED from src\main\AndroidManifest.xml:18:5-73
	android:name
		ADDED from src\main\AndroidManifest.xml:18:22-70
uses-permission#android.permission.ACCESS_NETWORK_STATE
ADDED from src\main\AndroidManifest.xml:19:5-79
	android:name
		ADDED from src\main\AndroidManifest.xml:19:22-76
uses-permission#android.permission.KILL_BACKGROUND_PROCESSES
ADDED from src\main\AndroidManifest.xml:21:5-84
	android:name
		ADDED from src\main\AndroidManifest.xml:21:22-81
uses-permission#com.android.launcher.permission.READ_SETTINGS
ADDED from src\main\AndroidManifest.xml:24:5-85
	android:name
		ADDED from src\main\AndroidManifest.xml:24:22-82
uses-permission#android.permission.WAKE_LOCK
ADDED from src\main\AndroidManifest.xml:25:5-26:23
	android:name
		ADDED from src\main\AndroidManifest.xml:25:22-65
uses-permission#android.permission.CHANGE_WIFI_STATE
ADDED from src\main\AndroidManifest.xml:27:5-76
	android:name
		ADDED from src\main\AndroidManifest.xml:27:22-73
uses-permission#android.permission.ACCESS_WIFI_STATE
ADDED from src\main\AndroidManifest.xml:28:5-76
	android:name
		ADDED from src\main\AndroidManifest.xml:28:22-73
uses-permission#android.permission.GET_TASKS
ADDED from src\main\AndroidManifest.xml:30:5-68
	android:name
		ADDED from src\main\AndroidManifest.xml:30:22-65
uses-permission#android.permission.WRITE_EXTERNAL_STORAGE
ADDED from src\main\AndroidManifest.xml:31:5-32:23
	android:name
		ADDED from src\main\AndroidManifest.xml:31:22-78
uses-permission#android.permission.WRITE_SETTINGS
ADDED from src\main\AndroidManifest.xml:33:5-73
	android:name
		ADDED from src\main\AndroidManifest.xml:33:22-70
uses-permission#android.permission.MOUNT_UNMOUNT_FILESYSTEMS
ADDED from src\main\AndroidManifest.xml:51:2-97
	android:name
		ADDED from src\main\AndroidManifest.xml:51:19-78
uses-permission#android.permission.READ_LOGS
ADDED from src\main\AndroidManifest.xml:53:2-81
	android:name
		ADDED from src\main\AndroidManifest.xml:53:19-62
uses-permission#android.permission.MANAGE_ACCOUNTS
ADDED from src\main\AndroidManifest.xml:55:2-70
	android:name
		ADDED from src\main\AndroidManifest.xml:55:19-68
uses-permission#android.permission.GET_ACCOUNTS
ADDED from src\main\AndroidManifest.xml:56:2-67
	android:name
		ADDED from src\main\AndroidManifest.xml:56:19-65
uses-sdk
ADDED from src\main\AndroidManifest.xml:58:5-60:41
INJECTED from src\main\AndroidManifest.xml:58:5-60:41
INJECTED from src\main\AndroidManifest.xml:58:5-60:41
INJECTED from src\main\AndroidManifest.xml:58:5-60:41
INJECTED from src\main\AndroidManifest.xml:58:5-60:41
	android:targetSdkVersion
		ADDED from src\main\AndroidManifest.xml:60:9-38
		INJECTED from src\main\AndroidManifest.xml
		INJECTED from src\main\AndroidManifest.xml
	android:minSdkVersion
		ADDED from src\main\AndroidManifest.xml:59:9-34
		INJECTED from src\main\AndroidManifest.xml
		INJECTED from src\main\AndroidManifest.xml
application
ADDED from src\main\AndroidManifest.xml:62:5-153:19
	android:label
		ADDED from src\main\AndroidManifest.xml:65:9-41
	android:icon
		ADDED from src\main\AndroidManifest.xml:64:9-45
	android:theme
		ADDED from src\main\AndroidManifest.xml:66:9-56
	android:name
		ADDED from src\main\AndroidManifest.xml:63:9-42
meta-data#com.baidu.lbsapi.API_KEY
ADDED from src\main\AndroidManifest.xml:67:9-69:56
	android:value
		ADDED from src\main\AndroidManifest.xml:69:13-53
	android:name
		ADDED from src\main\AndroidManifest.xml:68:13-52
activity#cn.com.gfa.ecma.activity.MainActivity
ADDED from src\main\AndroidManifest.xml:79:9-89:20
	android:screenOrientation
		ADDED from src\main\AndroidManifest.xml:80:13-49
	android:label
		ADDED from src\main\AndroidManifest.xml:81:13-45
	android:windowSoftInputMode
		ADDED from src\main\AndroidManifest.xml:82:13-52
	android:configChanges
		ADDED from src\main\AndroidManifest.xml:83:13-74
	android:name
		ADDED from src\main\AndroidManifest.xml:84:13-65
activity#cn.com.gfa.ecma.activity.WebViewActivity
ADDED from src\main\AndroidManifest.xml:90:9-99:20
	android:screenOrientation
		ADDED from src\main\AndroidManifest.xml:92:13-49
	android:label
		ADDED from src\main\AndroidManifest.xml:94:13-45
	android:allowClearUserData
		ADDED from src\main\AndroidManifest.xml:93:13-46
	android:configChanges
		ADDED from src\main\AndroidManifest.xml:90:19-80
	android:name
		ADDED from src\main\AndroidManifest.xml:91:13-68
intent-filter#action:name:android.intent.action.MAIN+category:name:android.intent.category.LAUNCHER
ADDED from src\main\AndroidManifest.xml:95:13-98:29
action#android.intent.action.MAIN
ADDED from src\main\AndroidManifest.xml:96:17-69
	android:name
		ADDED from src\main\AndroidManifest.xml:96:25-66
category#android.intent.category.LAUNCHER
ADDED from src\main\AndroidManifest.xml:97:17-77
	android:name
		ADDED from src\main\AndroidManifest.xml:97:27-74
activity#cn.com.gfa.ecma.activity.WebDetailActivity
ADDED from src\main\AndroidManifest.xml:101:9-106:20
	android:screenOrientation
		ADDED from src\main\AndroidManifest.xml:103:13-49
	android:label
		ADDED from src\main\AndroidManifest.xml:105:13-45
	android:allowClearUserData
		ADDED from src\main\AndroidManifest.xml:104:13-46
	android:configChanges
		ADDED from src\main\AndroidManifest.xml:101:19-80
	android:name
		ADDED from src\main\AndroidManifest.xml:102:13-70
activity#cn.com.gfa.ecma.activity.WebDetail2Activity
ADDED from src\main\AndroidManifest.xml:108:9-113:20
	android:screenOrientation
		ADDED from src\main\AndroidManifest.xml:110:13-49
	android:label
		ADDED from src\main\AndroidManifest.xml:112:13-45
	android:allowClearUserData
		ADDED from src\main\AndroidManifest.xml:111:13-46
	android:configChanges
		ADDED from src\main\AndroidManifest.xml:108:19-80
	android:name
		ADDED from src\main\AndroidManifest.xml:109:13-71
activity#cn.com.gfa.ware.baidu.LocationActivity
ADDED from src\main\AndroidManifest.xml:117:9-122:20
	android:screenOrientation
		ADDED from src\main\AndroidManifest.xml:120:13-49
	android:configChanges
		ADDED from src\main\AndroidManifest.xml:119:13-63
	android:name
		ADDED from src\main\AndroidManifest.xml:118:13-66
activity#cn.com.gfa.ware.baidu.BNDemoGuideActivity
ADDED from src\main\AndroidManifest.xml:123:10-127:20
	android:screenOrientation
		ADDED from src\main\AndroidManifest.xml:126:13-49
	android:configChanges
		ADDED from src\main\AndroidManifest.xml:125:13-63
	android:name
		ADDED from src\main\AndroidManifest.xml:124:13-69
activity#com.mob.tools.MobUIShell
ADDED from src\main\AndroidManifest.xml:129:9-143:20
	android:screenOrientation
		ADDED from src\main\AndroidManifest.xml:132:13-49
	android:windowSoftInputMode
		ADDED from src\main\AndroidManifest.xml:134:13-67
	android:configChanges
		ADDED from src\main\AndroidManifest.xml:131:13-74
	android:theme
		ADDED from src\main\AndroidManifest.xml:133:13-72
	android:name
		ADDED from src\main\AndroidManifest.xml:130:13-52
intent-filter#action:name:android.intent.action.VIEW+category:name:android.intent.category.BROWSABLE+category:name:android.intent.category.DEFAULT+data:scheme:tencent1104913997
ADDED from src\main\AndroidManifest.xml:135:13-142:29
data
ADDED from src\main\AndroidManifest.xml:136:17-60
	android:scheme
		ADDED from src\main\AndroidManifest.xml:136:23-57
action#android.intent.action.VIEW
ADDED from src\main\AndroidManifest.xml:138:17-69
	android:name
		ADDED from src\main\AndroidManifest.xml:138:25-66
category#android.intent.category.BROWSABLE
ADDED from src\main\AndroidManifest.xml:140:17-78
	android:name
		ADDED from src\main\AndroidManifest.xml:140:27-75
category#android.intent.category.DEFAULT
ADDED from src\main\AndroidManifest.xml:141:17-76
	android:name
		ADDED from src\main\AndroidManifest.xml:141:27-73
activity#cn.com.gfa.ware.wxapi.WXEntryActivity
ADDED from src\main\AndroidManifest.xml:146:9-151:75
	android:screenOrientation
		ADDED from src\main\AndroidManifest.xml:150:13-49
	android:exported
		ADDED from src\main\AndroidManifest.xml:149:13-36
	android:configChanges
		ADDED from src\main\AndroidManifest.xml:148:13-74
	android:theme
		ADDED from src\main\AndroidManifest.xml:151:13-72
	android:name
		ADDED from src\main\AndroidManifest.xml:147:13-50
supports-screens
ADDED from src\main\AndroidManifest.xml:156:5-161:39
	android:largeScreens
		ADDED from src\main\AndroidManifest.xml:158:9-36
	android:smallScreens
		ADDED from src\main\AndroidManifest.xml:161:9-36
	android:normalScreens
		ADDED from src\main\AndroidManifest.xml:159:9-38
	android:resizeable
		ADDED from src\main\AndroidManifest.xml:160:9-34
	android:anyDensity
		ADDED from src\main\AndroidManifest.xml:157:9-34